# JRE version: 7.0_13-b20
# Java VM: Java HotSpot(TM) 64-Bit Server VM (23.7-b01 mixed mode linux-amd64 compressed oops)
Heap
 PSYoungGen      total 49408K, used 40079K [0x00000007d5560000, 0x00000007f7550000, 0x0000000800000000)
  eden space 40448K, 76% used [0x00000007d5560000,0x00000007d73c80c8,0x00000007d7ce0000)
  from space 8960K, 99% used [0x00000007f6c90000,0x00000007f754bcc8,0x00000007f7550000)
  to   space 14016K, 0% used [0x00000007f59f0000,0x00000007f59f0000,0x00000007f67a0000)
 ParOldGen       total 682816K, used 62256K [0x0000000780000000, 0x00000007a9ad0000, 0x00000007d5560000)
  object space 682816K, 9% used [0x0000000780000000,0x0000000783ccc0b0,0x00000007a9ad0000)
 PSPermGen       total 21248K, used 13540K [0x000000077ae00000, 0x000000077c2c0000, 0x0000000780000000)
  object space 21248K, 63% used [0x000000077ae00000,0x000000077bb391f8,0x000000077c2c0000)
GC Heap History (10 events):
Event: 127.168 GC heap before
{Heap before GC invocations=1676 (full 0):
 PSYoungGen      total 41920K, used 41920K [0x00000007d5560000, 0x00000007f7980000, 0x0000000800000000)
  eden space 41728K, 100% used [0x00000007d5560000,0x00000007d7e20000,0x00000007d7e20000)
  from space 192K, 100% used [0x00000007f7920000,0x00000007f7950000,0x00000007f7950000)
  to   space 192K, 0% used [0x00000007f7950000,0x00000007f7950000,0x00000007f7980000)
 ParOldGen       total 682816K, used 10081K [0x0000000780000000, 0x00000007a9ad0000, 0x00000007d5560000)
  object space 682816K, 1% used [0x0000000780000000,0x00000007809d85e0,0x00000007a9ad0000)
 PSPermGen       total 21248K, used 6333K [0x000000077ae00000, 0x000000077c2c0000, 0x0000000780000000)
  object space 21248K, 29% used [0x000000077ae00000,0x000000077b42f478,0x000000077c2c0000)
Event: 127.169 GC heap after
Heap after GC invocations=1676 (full 0):
 PSYoungGen      total 41664K, used 160K [0x00000007d5560000, 0x00000007f7980000, 0x0000000800000000)
  eden space 41472K, 0% used [0x00000007d5560000,0x00000007d5560000,0x00000007d7de0000)
  from space 192K, 83% used [0x00000007f7950000,0x00000007f7978000,0x00000007f7980000)
  to   space 256K, 0% used [0x00000007f7900000,0x00000007f7900000,0x00000007f7940000)
 ParOldGen       total 682816K, used 10145K [0x0000000780000000, 0x00000007a9ad0000, 0x00000007d5560000)
  object space 682816K, 1% used [0x0000000780000000,0x00000007809e8600,0x00000007a9ad0000)
 PSPermGen       total 21248K, used 6333K [0x000000077ae00000, 0x000000077c2c0000, 0x0000000780000000)
  object space 21248K, 29% used [0x000000077ae00000,0x000000077b42f478,0x000000077c2c0000)
}
Event: 127.234 GC heap before
{Heap before GC invocations=1677 (full 0):
 PSYoungGen      total 41664K, used 41632K [0x00000007d5560000, 0x00000007f7980000, 0x0000000800000000)
  eden space 41472K, 100% used [0x00000007d5560000,0x00000007d7de0000,0x00000007d7de0000)
  from space 192K, 83% used [0x00000007f7950000,0x00000007f7978000,0x00000007f7980000)
  to   space 256K, 0% used [0x00000007f7900000,0x00000007f7900000,0x00000007f7940000)
 ParOldGen       total 682816K, used 10145K [0x0000000780000000, 0x00000007a9ad0000, 0x00000007d5560000)
  object space 682816K, 1% used [0x0000000780000000,0x00000007809e8600,0x00000007a9ad0000)
 PSPermGen       total 21248K, used 6337K [0x000000077ae00000, 0x000000077c2c0000, 0x0000000780000000)
  object space 21248K, 29% used [0x000000077ae00000,0x000000077b4305a8,0x000000077c2c0000)
Event: 127.235 GC heap after
Heap after GC invocations=1677 (full 0):
 PSYoungGen      total 41280K, used 64K [0x00000007d5560000, 0x00000007f7960000, 0x0000000800000000)
  eden space 41216K, 0% used [0x00000007d5560000,0x00000007d5560000,0x00000007d7da0000)
  from space 64K, 100% used [0x00000007f7900000,0x00000007f7910000,0x00000007f7910000)
  to   space 256K, 0% used [0x00000007f7920000,0x00000007f7920000,0x00000007f7960000)
 ParOldGen       total 682816K, used 10153K [0x0000000780000000, 0x00000007a9ad0000, 0x00000007d5560000)
  object space 682816K, 1% used [0x0000000780000000,0x00000007809ea600,0x00000007a9ad0000)
 PSPermGen       total 21248K, used 6337K [0x000000077ae00000, 0x000000077c2c0000, 0x0000000780000000)
  object space 21248K, 29% used [0x000000077ae00000,0x000000077b4305a8,0x000000077c2c0000)
}
Event: 127.862 GC heap before
{Heap before GC invocations=1678 (full 0):
 PSYoungGen      total 41280K, used 41280K [0x00000007d5560000, 0x00000007f7960000, 0x0000000800000000)
  eden space 41216K, 100% used [0x00000007d5560000,0x00000007d7da0000,0x00000007d7da0000)
  from space 64K, 100% used [0x00000007f7900000,0x00000007f7910000,0x00000007f7910000)
  to   space 256K, 0% used [0x00000007f7920000,0x00000007f7920000,0x00000007f7960000)
 ParOldGen       total 682816K, used 10153K [0x0000000780000000, 0x00000007a9ad0000, 0x00000007d5560000)
  object space 682816K, 1% used [0x0000000780000000,0x00000007809ea600,0x00000007a9ad0000)
 PSPermGen       total 21248K, used 10564K [0x000000077ae00000, 0x000000077c2c0000, 0x0000000780000000)
  object space 21248K, 49% used [0x000000077ae00000,0x000000077b851358,0x000000077c2c0000)
Event: 127.870 GC heap after
Heap after GC invocations=1678 (full 0):
 PSYoungGen      total 41216K, used 256K [0x00000007d5560000, 0x00000007f7960000, 0x0000000800000000)
  eden space 40960K, 0% used [0x00000007d5560000,0x00000007d5560000,0x00000007d7d60000)
  from space 256K, 100% used [0x00000007f7920000,0x00000007f7960000,0x00000007f7960000)
  to   space 13376K, 0% used [0x00000007f5f40000,0x00000007f5f40000,0x00000007f6c50000)
 ParOldGen       total 682816K, used 45457K [0x0000000780000000, 0x00000007a9ad0000, 0x00000007d5560000)
  object space 682816K, 6% used [0x0000000780000000,0x0000000782c64740,0x00000007a9ad0000)
 PSPermGen       total 21248K, used 10564K [0x000000077ae00000, 0x000000077c2c0000, 0x0000000780000000)
  object space 21248K, 49% used [0x000000077ae00000,0x000000077b851358,0x000000077c2c0000)
}
Event: 128.900 GC heap before
{Heap before GC invocations=1679 (full 0):
 PSYoungGen      total 41216K, used 41216K [0x00000007d5560000, 0x00000007f7960000, 0x0000000800000000)
  eden space 40960K, 100% used [0x00000007d5560000,0x00000007d7d60000,0x00000007d7d60000)
  from space 256K, 100% used [0x00000007f7920000,0x00000007f7960000,0x00000007f7960000)
  to   space 13376K, 0% used [0x00000007f5f40000,0x00000007f5f40000,0x00000007f6c50000)
 ParOldGen       total 682816K, used 45457K [0x0000000780000000, 0x00000007a9ad0000, 0x00000007d5560000)
  object space 682816K, 6% used [0x0000000780000000,0x0000000782c64740,0x00000007a9ad0000)
 PSPermGen       total 21248K, used 11027K [0x000000077ae00000, 0x000000077c2c0000, 0x0000000780000000)
  object space 21248K, 51% used [0x000000077ae00000,0x000000077b8c4ce8,0x000000077c2c0000)
Event: 128.902 GC heap after
Heap after GC invocations=1679 (full 0):
 PSYoungGen      total 54080K, used 576K [0x00000007d5560000, 0x00000007f7930000, 0x0000000800000000)
  eden space 40704K, 0% used [0x00000007d5560000,0x00000007d5560000,0x00000007d7d20000)
  from space 13376K, 4% used [0x00000007f5f40000,0x00000007f5fd0000,0x00000007f6c50000)
  to   space 12928K, 0% used [0x00000007f6c90000,0x00000007f6c90000,0x00000007f7930000)
 ParOldGen       total 682816K, used 45753K [0x0000000780000000, 0x00000007a9ad0000, 0x00000007d5560000)
  object space 682816K, 6% used [0x0000000780000000,0x0000000782cae740,0x00000007a9ad0000)
 PSPermGen       total 21248K, used 11027K [0x000000077ae00000, 0x000000077c2c0000, 0x0000000780000000)
  object space 21248K, 51% used [0x000000077ae00000,0x000000077b8c4ce8,0x000000077c2c0000)
}
Event: 129.158 GC heap before
{Heap before GC invocations=1680 (full 0):
 PSYoungGen      total 54080K, used 41280K [0x00000007d5560000, 0x00000007f7930000, 0x0000000800000000)
  eden space 40704K, 100% used [0x00000007d5560000,0x00000007d7d20000,0x00000007d7d20000)
  from space 13376K, 4% used [0x00000007f5f40000,0x00000007f5fd0000,0x00000007f6c50000)
  to   space 12928K, 0% used [0x00000007f6c90000,0x00000007f6c90000,0x00000007f7930000)
 ParOldGen       total 682816K, used 45753K [0x0000000780000000, 0x00000007a9ad0000, 0x00000007d5560000)
  object space 682816K, 6% used [0x0000000780000000,0x0000000782cae740,0x00000007a9ad0000)
 PSPermGen       total 21248K, used 11094K [0x000000077ae00000, 0x000000077c2c0000, 0x0000000780000000)
  object space 21248K, 52% used [0x000000077ae00000,0x000000077b8d5850,0x000000077c2c0000)
Event: 129.163 GC heap after
Heap after GC invocations=1680 (full 0):
 PSYoungGen      total 49408K, used 8943K [0x00000007d5560000, 0x00000007f7550000, 0x0000000800000000)
  eden space 40448K, 0% used [0x00000007d5560000,0x00000007d5560000,0x00000007d7ce0000)
  from space 8960K, 99% used [0x00000007f6c90000,0x00000007f754bcc8,0x00000007f7550000)
  to   space 14016K, 0% used [0x00000007f59f0000,0x00000007f59f0000,0x00000007f67a0000)
 ParOldGen       total 682816K, used 62256K [0x0000000780000000, 0x00000007a9ad0000, 0x00000007d5560000)
  object space 682816K, 9% used [0x0000000780000000,0x0000000783ccc0b0,0x00000007a9ad0000)
 PSPermGen       total 21248K, used 11094K [0x000000077ae00000, 0x000000077c2c0000, 0x0000000780000000)
  object space 21248K, 52% used [0x000000077ae00000,0x000000077b8d5850,0x000000077c2c0000)
}

