# JRE version: 7.0_13-b20
# Java VM: Java HotSpot(TM) 64-Bit Server VM (23.7-b01 mixed mode linux-amd64 compressed oops)
Heap
 PSYoungGen      total 44224K, used 31232K [0x00000007d5560000, 0x00000007f7510000, 0x0000000800000000)
  eden space 43520K, 70% used [0x00000007d5560000,0x00000007d7330148,0x00000007d7fe0000)
  from space 704K, 100% used [0x00000007f6e30000,0x00000007f6ee0000,0x00000007f6ee0000)
  to   space 3520K, 0% used [0x00000007f71a0000,0x00000007f71a0000,0x00000007f7510000)
 ParOldGen       total 682816K, used 70327K [0x0000000780000000, 0x00000007a9ad0000, 0x00000007d5560000)
  object space 682816K, 10% used [0x0000000780000000,0x00000007844add58,0x00000007a9ad0000)
 PSPermGen       total 21248K, used 13530K [0x000000077ae00000, 0x000000077c2c0000, 0x0000000780000000)
  object space 21248K, 63% used [0x000000077ae00000,0x000000077bb36a30,0x000000077c2c0000)
GC Heap History (10 events):
Event: 127.745 GC heap before
{Heap before GC invocations=1597 (full 0):
 PSYoungGen      total 25472K, used 25472K [0x00000007d5560000, 0x00000007f7900000, 0x0000000800000000)
  eden space 25344K, 100% used [0x00000007d5560000,0x00000007d6e20000,0x00000007d6e20000)
  from space 128K, 100% used [0x00000007f78e0000,0x00000007f7900000,0x00000007f7900000)
  to   space 256K, 0% used [0x00000007f7880000,0x00000007f7880000,0x00000007f78c0000)
 ParOldGen       total 682816K, used 10261K [0x0000000780000000, 0x00000007a9ad0000, 0x00000007d5560000)
  object space 682816K, 1% used [0x0000000780000000,0x0000000780a055f0,0x00000007a9ad0000)
 PSPermGen       total 21248K, used 6337K [0x000000077ae00000, 0x000000077c2c0000, 0x0000000780000000)
  object space 21248K, 29% used [0x000000077ae00000,0x000000077b4306d8,0x000000077c2c0000)
Event: 127.746 GC heap after
Heap after GC invocations=1597 (full 0):
 PSYoungGen      total 25408K, used 128K [0x00000007d5560000, 0x00000007f78f0000, 0x0000000800000000)
  eden space 25280K, 0% used [0x00000007d5560000,0x00000007d5560000,0x00000007d6e10000)
  from space 128K, 100% used [0x00000007f7880000,0x00000007f78a0000,0x00000007f78a0000)
  to   space 256K, 0% used [0x00000007f78b0000,0x00000007f78b0000,0x00000007f78f0000)
 ParOldGen       total 682816K, used 10261K [0x0000000780000000, 0x00000007a9ad0000, 0x00000007d5560000)
  object space 682816K, 1% used [0x0000000780000000,0x0000000780a055f0,0x00000007a9ad0000)
 PSPermGen       total 21248K, used 6337K [0x000000077ae00000, 0x000000077c2c0000, 0x0000000780000000)
  object space 21248K, 29% used [0x000000077ae00000,0x000000077b4306d8,0x000000077c2c0000)
}
Event: 127.964 GC heap before
{Heap before GC invocations=1598 (full 0):
 PSYoungGen      total 25408K, used 18470K [0x00000007d5560000, 0x00000007f78f0000, 0x0000000800000000)
  eden space 25280K, 72% used [0x00000007d5560000,0x00000007d67498d0,0x00000007d6e10000)
  from space 128K, 100% used [0x00000007f7880000,0x00000007f78a0000,0x00000007f78a0000)
  to   space 256K, 0% used [0x00000007f78b0000,0x00000007f78b0000,0x00000007f78f0000)
 ParOldGen       total 682816K, used 10261K [0x0000000780000000, 0x00000007a9ad0000, 0x00000007d5560000)
  object space 682816K, 1% used [0x0000000780000000,0x0000000780a055f0,0x00000007a9ad0000)
 PSPermGen       total 21248K, used 9996K [0x000000077ae00000, 0x000000077c2c0000, 0x0000000780000000)
  object space 21248K, 47% used [0x000000077ae00000,0x000000077b7c3330,0x000000077c2c0000)
Event: 127.970 GC heap after
Heap after GC invocations=1598 (full 0):
 PSYoungGen      total 30592K, used 256K [0x00000007d5560000, 0x00000007f78f0000, 0x0000000800000000)
  eden space 30336K, 0% used [0x00000007d5560000,0x00000007d5560000,0x00000007d7300000)
  from space 256K, 100% used [0x00000007f78b0000,0x00000007f78f0000,0x00000007f78f0000)
  to   space 4096K, 0% used [0x00000007f70f0000,0x00000007f70f0000,0x00000007f74f0000)
 ParOldGen       total 682816K, used 20588K [0x0000000780000000, 0x00000007a9ad0000, 0x00000007d5560000)
  object space 682816K, 3% used [0x0000000780000000,0x000000078141b0e8,0x00000007a9ad0000)
 PSPermGen       total 21248K, used 9996K [0x000000077ae00000, 0x000000077c2c0000, 0x0000000780000000)
  object space 21248K, 47% used [0x000000077ae00000,0x000000077b7c3330,0x000000077c2c0000)
}
Event: 128.474 GC heap before
{Heap before GC invocations=1599 (full 0):
 PSYoungGen      total 30592K, used 30592K [0x00000007d5560000, 0x00000007f78f0000, 0x0000000800000000)
  eden space 30336K, 100% used [0x00000007d5560000,0x00000007d7300000,0x00000007d7300000)
  from space 256K, 100% used [0x00000007f78b0000,0x00000007f78f0000,0x00000007f78f0000)
  to   space 4096K, 0% used [0x00000007f70f0000,0x00000007f70f0000,0x00000007f74f0000)
 ParOldGen       total 682816K, used 20588K [0x0000000780000000, 0x00000007a9ad0000, 0x00000007d5560000)
  object space 682816K, 3% used [0x0000000780000000,0x000000078141b0e8,0x00000007a9ad0000)
 PSPermGen       total 21248K, used 11017K [0x000000077ae00000, 0x000000077c2c0000, 0x0000000780000000)
  object space 21248K, 51% used [0x000000077ae00000,0x000000077b8c27b0,0x000000077c2c0000)
Event: 128.480 GC heap after
Heap after GC invocations=1599 (full 0):
 PSYoungGen      total 40512K, used 992K [0x00000007d5560000, 0x00000007f78c0000, 0x0000000800000000)
  eden space 36416K, 0% used [0x00000007d5560000,0x00000007d5560000,0x00000007d78f0000)
  from space 4096K, 24% used [0x00000007f70f0000,0x00000007f71e8000,0x00000007f74f0000)
  to   space 3840K, 0% used [0x00000007f7500000,0x00000007f7500000,0x00000007f78c0000)
 ParOldGen       total 682816K, used 45457K [0x0000000780000000, 0x00000007a9ad0000, 0x00000007d5560000)
  object space 682816K, 6% used [0x0000000780000000,0x0000000782c64710,0x00000007a9ad0000)
 PSPermGen       total 21248K, used 11017K [0x000000077ae00000, 0x000000077c2c0000, 0x0000000780000000)
  object space 21248K, 51% used [0x000000077ae00000,0x000000077b8c27b0,0x000000077c2c0000)
}
Event: 129.151 GC heap before
{Heap before GC invocations=1600 (full 0):
 PSYoungGen      total 40512K, used 35310K [0x00000007d5560000, 0x00000007f78c0000, 0x0000000800000000)
  eden space 36416K, 94% used [0x00000007d5560000,0x00000007d76e3958,0x00000007d78f0000)
  from space 4096K, 24% used [0x00000007f70f0000,0x00000007f71e8000,0x00000007f74f0000)
  to   space 3840K, 0% used [0x00000007f7500000,0x00000007f7500000,0x00000007f78c0000)
 ParOldGen       total 682816K, used 45457K [0x0000000780000000, 0x00000007a9ad0000, 0x00000007d5560000)
  object space 682816K, 6% used [0x0000000780000000,0x0000000782c64710,0x00000007a9ad0000)
 PSPermGen       total 21248K, used 11084K [0x000000077ae00000, 0x000000077c2c0000, 0x0000000780000000)
  object space 21248K, 52% used [0x000000077ae00000,0x000000077b8d31e8,0x000000077c2c0000)
Event: 129.152 GC heap after
Heap after GC invocations=1600 (full 0):
 PSYoungGen      total 36672K, used 448K [0x00000007d5560000, 0x00000007f7570000, 0x0000000800000000)
  eden space 36224K, 0% used [0x00000007d5560000,0x00000007d5560000,0x00000007d78c0000)
  from space 448K, 100% used [0x00000007f7500000,0x00000007f7570000,0x00000007f7570000)
  to   space 3712K, 0% used [0x00000007f6e30000,0x00000007f6e30000,0x00000007f71d0000)
 ParOldGen       total 682816K, used 45681K [0x0000000780000000, 0x00000007a9ad0000, 0x00000007d5560000)
  object space 682816K, 6% used [0x0000000780000000,0x0000000782c9c730,0x00000007a9ad0000)
 PSPermGen       total 21248K, used 11084K [0x000000077ae00000, 0x000000077c2c0000, 0x0000000780000000)
  object space 21248K, 52% used [0x000000077ae00000,0x000000077b8d31e8,0x000000077c2c0000)
}
Event: 129.290 GC heap before
{Heap before GC invocations=1601 (full 0):
 PSYoungGen      total 36672K, used 36672K [0x00000007d5560000, 0x00000007f7570000, 0x0000000800000000)
  eden space 36224K, 100% used [0x00000007d5560000,0x00000007d78c0000,0x00000007d78c0000)
  from space 448K, 100% used [0x00000007f7500000,0x00000007f7570000,0x00000007f7570000)
  to   space 3712K, 0% used [0x00000007f6e30000,0x00000007f6e30000,0x00000007f71d0000)
 ParOldGen       total 682816K, used 45681K [0x0000000780000000, 0x00000007a9ad0000, 0x00000007d5560000)
  object space 682816K, 6% used [0x0000000780000000,0x0000000782c9c730,0x00000007a9ad0000)
 PSPermGen       total 21248K, used 11088K [0x000000077ae00000, 0x000000077c2c0000, 0x0000000780000000)
  object space 21248K, 52% used [0x000000077ae00000,0x000000077b8d4380,0x000000077c2c0000)
Event: 129.295 GC heap after
Heap after GC invocations=1601 (full 0):
 PSYoungGen      total 44224K, used 704K [0x00000007d5560000, 0x00000007f7510000, 0x0000000800000000)
  eden space 43520K, 0% used [0x00000007d5560000,0x00000007d5560000,0x00000007d7fe0000)
  from space 704K, 100% used [0x00000007f6e30000,0x00000007f6ee0000,0x00000007f6ee0000)
  to   space 3520K, 0% used [0x00000007f71a0000,0x00000007f71a0000,0x00000007f7510000)
 ParOldGen       total 682816K, used 70327K [0x0000000780000000, 0x00000007a9ad0000, 0x00000007d5560000)
  object space 682816K, 10% used [0x0000000780000000,0x00000007844add58,0x00000007a9ad0000)
 PSPermGen       total 21248K, used 11088K [0x000000077ae00000, 0x000000077c2c0000, 0x0000000780000000)
  object space 21248K, 52% used [0x000000077ae00000,0x000000077b8d4380,0x000000077c2c0000)
}

